<?xml version="1.0" encoding="UTF-8"?>
<testsuite xmlns:xsi="http://www.w3.org/2001/XMLSchema-instance" xsi:noNamespaceSchemaLocation="https://maven.apache.org/surefire/maven-surefire-plugin/xsd/surefire-test-report.xsd" name="com.testRunners.TestRunner" time="9.76" tests="2" errors="0" skipped="0" failures="0">
  <properties>
    <property name="gopherProxySet" value="false"/>
    <property name="awt.toolkit" value="sun.lwawt.macosx.LWCToolkit"/>
    <property name="java.specification.version" value="11"/>
    <property name="sun.cpu.isalist" value=""/>
    <property name="sun.jnu.encoding" value="UTF-8"/>
    <property name="java.class.path" value="/Users/anupamkumarmeti/Desktop/Ashwini/EclipseWorkspace/APIFramework/target/test-classes:/Users/anupamkumarmeti/Desktop/Ashwini/EclipseWorkspace/APIFramework/target/classes:/Users/anupamkumarmeti/.m2/repository/junit/junit/4.11/junit-4.11.jar:/Users/anupamkumarmeti/.m2/repository/org/hamcrest/hamcrest-core/1.3/hamcrest-core-1.3.jar:/Users/anupamkumarmeti/.m2/repository/io/cucumber/cucumber-java/7.9.0/cucumber-java-7.9.0.jar:/Users/anupamkumarmeti/.m2/repository/io/cucumber/cucumber-core/7.9.0/cucumber-core-7.9.0.jar:/Users/anupamkumarmeti/.m2/repository/io/cucumber/cucumber-gherkin/7.9.0/cucumber-gherkin-7.9.0.jar:/Users/anupamkumarmeti/.m2/repository/io/cucumber/cucumber-gherkin-messages/7.9.0/cucumber-gherkin-messages-7.9.0.jar:/Users/anupamkumarmeti/.m2/repository/io/cucumber/gherkin/24.1.0/gherkin-24.1.0.jar:/Users/anupamkumarmeti/.m2/repository/io/cucumber/messages/19.1.4/messages-19.1.4.jar:/Users/anupamkumarmeti/.m2/repository/io/cucumber/tag-expressions/4.1.0/tag-expressions-4.1.0.jar:/Users/anupamkumarmeti/.m2/repository/io/cucumber/cucumber-expressions/16.0.0/cucumber-expressions-16.0.0.jar:/Users/anupamkumarmeti/.m2/repository/io/cucumber/datatable/7.9.0/datatable-7.9.0.jar:/Users/anupamkumarmeti/.m2/repository/io/cucumber/cucumber-plugin/7.9.0/cucumber-plugin-7.9.0.jar:/Users/anupamkumarmeti/.m2/repository/io/cucumber/docstring/7.9.0/docstring-7.9.0.jar:/Users/anupamkumarmeti/.m2/repository/io/cucumber/html-formatter/20.1.0/html-formatter-20.1.0.jar:/Users/anupamkumarmeti/.m2/repository/io/cucumber/ci-environment/9.1.0/ci-environment-9.1.0.jar:/Users/anupamkumarmeti/.m2/repository/org/apiguardian/apiguardian-api/1.1.2/apiguardian-api-1.1.2.jar:/Users/anupamkumarmeti/.m2/repository/io/cucumber/cucumber-junit/7.9.0/cucumber-junit-7.9.0.jar:/Users/anupamkumarmeti/.m2/repository/io/rest-assured/rest-assured/5.3.0/rest-assured-5.3.0.jar:/Users/anupamkumarmeti/.m2/repository/org/apache/groovy/groovy/4.0.6/groovy-4.0.6.jar:/Users/anupamkumarmeti/.m2/repository/org/apache/groovy/groovy-xml/4.0.6/groovy-xml-4.0.6.jar:/Users/anupamkumarmeti/.m2/repository/org/apache/httpcomponents/httpclient/4.5.13/httpclient-4.5.13.jar:/Users/anupamkumarmeti/.m2/repository/org/apache/httpcomponents/httpcore/4.4.13/httpcore-4.4.13.jar:/Users/anupamkumarmeti/.m2/repository/commons-logging/commons-logging/1.2/commons-logging-1.2.jar:/Users/anupamkumarmeti/.m2/repository/commons-codec/commons-codec/1.11/commons-codec-1.11.jar:/Users/anupamkumarmeti/.m2/repository/org/apache/httpcomponents/httpmime/4.5.13/httpmime-4.5.13.jar:/Users/anupamkumarmeti/.m2/repository/org/ccil/cowan/tagsoup/tagsoup/1.2.1/tagsoup-1.2.1.jar:/Users/anupamkumarmeti/.m2/repository/io/rest-assured/json-path/5.3.0/json-path-5.3.0.jar:/Users/anupamkumarmeti/.m2/repository/org/apache/groovy/groovy-json/4.0.6/groovy-json-4.0.6.jar:/Users/anupamkumarmeti/.m2/repository/io/rest-assured/rest-assured-common/5.3.0/rest-assured-common-5.3.0.jar:/Users/anupamkumarmeti/.m2/repository/io/rest-assured/xml-path/5.3.0/xml-path-5.3.0.jar:/Users/anupamkumarmeti/.m2/repository/org/apache/commons/commons-lang3/3.11/commons-lang3-3.11.jar:/Users/anupamkumarmeti/.m2/repository/com/fasterxml/jackson/core/jackson-databind/2.14.1/jackson-databind-2.14.1.jar:/Users/anupamkumarmeti/.m2/repository/com/google/code/gson/gson/2.9.0/gson-2.9.0.jar:/Users/anupamkumarmeti/.m2/repository/com/fasterxml/jackson/core/jackson-annotations/2.14.1/jackson-annotations-2.14.1.jar:/Users/anupamkumarmeti/.m2/repository/com/fasterxml/jackson/core/jackson-core/2.14.1/jackson-core-2.14.1.jar:/Users/anupamkumarmeti/.m2/repository/org/hamcrest/hamcrest/2.2/hamcrest-2.2.jar:"/>
    <property name="java.vm.vendor" value="Oracle Corporation"/>
    <property name="sun.arch.data.model" value="64"/>
    <property name="java.vendor.url" value="https://openjdk.java.net/"/>
    <property name="user.timezone" value=""/>
    <property name="java.vm.specification.version" value="11"/>
    <property name="os.name" value="Mac OS X"/>
    <property name="sun.java.launcher" value="SUN_STANDARD"/>
    <property name="user.country" value="IN"/>
    <property name="sun.boot.library.path" value="/Library/Java/JavaVirtualMachines/jdk-11.0.15.jdk/Contents/Home/lib"/>
    <property name="sun.java.command" value="/Users/anupamkumarmeti/Desktop/Ashwini/EclipseWorkspace/APIFramework/target/surefire/surefirebooter7047045821987243689.jar /Users/anupamkumarmeti/Desktop/Ashwini/EclipseWorkspace/APIFramework/target/surefire 2022-12-06T17-13-50_588-jvmRun1 surefire15701923243759785517tmp surefire_07068748969047885589tmp"/>
    <property name="http.nonProxyHosts" value="local|*.local|169.254/16|*.169.254/16"/>
    <property name="jdk.debug" value="release"/>
    <property name="surefire.test.class.path" value="/Users/anupamkumarmeti/Desktop/Ashwini/EclipseWorkspace/APIFramework/target/test-classes:/Users/anupamkumarmeti/Desktop/Ashwini/EclipseWorkspace/APIFramework/target/classes:/Users/anupamkumarmeti/.m2/repository/junit/junit/4.11/junit-4.11.jar:/Users/anupamkumarmeti/.m2/repository/org/hamcrest/hamcrest-core/1.3/hamcrest-core-1.3.jar:/Users/anupamkumarmeti/.m2/repository/io/cucumber/cucumber-java/7.9.0/cucumber-java-7.9.0.jar:/Users/anupamkumarmeti/.m2/repository/io/cucumber/cucumber-core/7.9.0/cucumber-core-7.9.0.jar:/Users/anupamkumarmeti/.m2/repository/io/cucumber/cucumber-gherkin/7.9.0/cucumber-gherkin-7.9.0.jar:/Users/anupamkumarmeti/.m2/repository/io/cucumber/cucumber-gherkin-messages/7.9.0/cucumber-gherkin-messages-7.9.0.jar:/Users/anupamkumarmeti/.m2/repository/io/cucumber/gherkin/24.1.0/gherkin-24.1.0.jar:/Users/anupamkumarmeti/.m2/repository/io/cucumber/messages/19.1.4/messages-19.1.4.jar:/Users/anupamkumarmeti/.m2/repository/io/cucumber/tag-expressions/4.1.0/tag-expressions-4.1.0.jar:/Users/anupamkumarmeti/.m2/repository/io/cucumber/cucumber-expressions/16.0.0/cucumber-expressions-16.0.0.jar:/Users/anupamkumarmeti/.m2/repository/io/cucumber/datatable/7.9.0/datatable-7.9.0.jar:/Users/anupamkumarmeti/.m2/repository/io/cucumber/cucumber-plugin/7.9.0/cucumber-plugin-7.9.0.jar:/Users/anupamkumarmeti/.m2/repository/io/cucumber/docstring/7.9.0/docstring-7.9.0.jar:/Users/anupamkumarmeti/.m2/repository/io/cucumber/html-formatter/20.1.0/html-formatter-20.1.0.jar:/Users/anupamkumarmeti/.m2/repository/io/cucumber/ci-environment/9.1.0/ci-environment-9.1.0.jar:/Users/anupamkumarmeti/.m2/repository/org/apiguardian/apiguardian-api/1.1.2/apiguardian-api-1.1.2.jar:/Users/anupamkumarmeti/.m2/repository/io/cucumber/cucumber-junit/7.9.0/cucumber-junit-7.9.0.jar:/Users/anupamkumarmeti/.m2/repository/io/rest-assured/rest-assured/5.3.0/rest-assured-5.3.0.jar:/Users/anupamkumarmeti/.m2/repository/org/apache/groovy/groovy/4.0.6/groovy-4.0.6.jar:/Users/anupamkumarmeti/.m2/repository/org/apache/groovy/groovy-xml/4.0.6/groovy-xml-4.0.6.jar:/Users/anupamkumarmeti/.m2/repository/org/apache/httpcomponents/httpclient/4.5.13/httpclient-4.5.13.jar:/Users/anupamkumarmeti/.m2/repository/org/apache/httpcomponents/httpcore/4.4.13/httpcore-4.4.13.jar:/Users/anupamkumarmeti/.m2/repository/commons-logging/commons-logging/1.2/commons-logging-1.2.jar:/Users/anupamkumarmeti/.m2/repository/commons-codec/commons-codec/1.11/commons-codec-1.11.jar:/Users/anupamkumarmeti/.m2/repository/org/apache/httpcomponents/httpmime/4.5.13/httpmime-4.5.13.jar:/Users/anupamkumarmeti/.m2/repository/org/ccil/cowan/tagsoup/tagsoup/1.2.1/tagsoup-1.2.1.jar:/Users/anupamkumarmeti/.m2/repository/io/rest-assured/json-path/5.3.0/json-path-5.3.0.jar:/Users/anupamkumarmeti/.m2/repository/org/apache/groovy/groovy-json/4.0.6/groovy-json-4.0.6.jar:/Users/anupamkumarmeti/.m2/repository/io/rest-assured/rest-assured-common/5.3.0/rest-assured-common-5.3.0.jar:/Users/anupamkumarmeti/.m2/repository/io/rest-assured/xml-path/5.3.0/xml-path-5.3.0.jar:/Users/anupamkumarmeti/.m2/repository/org/apache/commons/commons-lang3/3.11/commons-lang3-3.11.jar:/Users/anupamkumarmeti/.m2/repository/com/fasterxml/jackson/core/jackson-databind/2.14.1/jackson-databind-2.14.1.jar:/Users/anupamkumarmeti/.m2/repository/com/google/code/gson/gson/2.9.0/gson-2.9.0.jar:/Users/anupamkumarmeti/.m2/repository/com/fasterxml/jackson/core/jackson-annotations/2.14.1/jackson-annotations-2.14.1.jar:/Users/anupamkumarmeti/.m2/repository/com/fasterxml/jackson/core/jackson-core/2.14.1/jackson-core-2.14.1.jar:/Users/anupamkumarmeti/.m2/repository/org/hamcrest/hamcrest/2.2/hamcrest-2.2.jar:"/>
    <property name="sun.cpu.endian" value="little"/>
    <property name="user.home" value="/Users/anupamkumarmeti"/>
    <property name="user.language" value="en"/>
    <property name="java.specification.vendor" value="Oracle Corporation"/>
    <property name="java.version.date" value="2022-04-19"/>
    <property name="java.home" value="/Library/Java/JavaVirtualMachines/jdk-11.0.15.jdk/Contents/Home"/>
    <property name="file.separator" value="/"/>
    <property name="basedir" value="/Users/anupamkumarmeti/Desktop/Ashwini/EclipseWorkspace/APIFramework"/>
    <property name="java.vm.compressedOopsMode" value="Zero based"/>
    <property name="line.separator" value="&#10;"/>
    <property name="java.specification.name" value="Java Platform API Specification"/>
    <property name="java.vm.specification.vendor" value="Oracle Corporation"/>
    <property name="java.awt.graphicsenv" value="sun.awt.CGraphicsEnvironment"/>
    <property name="surefire.real.class.path" value="/Users/anupamkumarmeti/Desktop/Ashwini/EclipseWorkspace/APIFramework/target/surefire/surefirebooter7047045821987243689.jar"/>
    <property name="sun.management.compiler" value="HotSpot 64-Bit Tiered Compilers"/>
    <property name="ftp.nonProxyHosts" value="local|*.local|169.254/16|*.169.254/16"/>
    <property name="java.runtime.version" value="11.0.15+8-LTS-149"/>
    <property name="user.name" value="anupamkumarmeti"/>
    <property name="path.separator" value=":"/>
    <property name="os.version" value="13.0.1"/>
    <property name="java.runtime.name" value="Java(TM) SE Runtime Environment"/>
    <property name="file.encoding" value="UTF-8"/>
    <property name="java.vm.name" value="Java HotSpot(TM) 64-Bit Server VM"/>
    <property name="java.vendor.version" value="18.9"/>
    <property name="localRepository" value="/Users/anupamkumarmeti/.m2/repository"/>
    <property name="java.vendor.url.bug" value="https://bugreport.java.com/bugreport/"/>
    <property name="java.io.tmpdir" value="/var/folders/7d/ltbhwygn2qn4m33tvd_7r_n80000gn/T/"/>
    <property name="java.version" value="11.0.15"/>
    <property name="user.dir" value="/Users/anupamkumarmeti/Desktop/Ashwini/EclipseWorkspace/APIFramework"/>
    <property name="os.arch" value="x86_64"/>
    <property name="java.vm.specification.name" value="Java Virtual Machine Specification"/>
    <property name="java.awt.printerjob" value="sun.lwawt.macosx.CPrinterJob"/>
    <property name="sun.os.patch.level" value="unknown"/>
    <property name="java.library.path" value="/Users/anupamkumarmeti/Library/Java/Extensions:/Library/Java/Extensions:/Network/Library/Java/Extensions:/System/Library/Java/Extensions:/usr/lib/java:."/>
    <property name="java.vendor" value="Oracle Corporation"/>
    <property name="java.vm.info" value="mixed mode"/>
    <property name="java.vm.version" value="11.0.15+8-LTS-149"/>
    <property name="sun.io.unicode.encoding" value="UnicodeBig"/>
    <property name="java.class.version" value="55.0"/>
    <property name="socksNonProxyHosts" value="local|*.local|169.254/16|*.169.254/16"/>
  </properties>
  <testcase name="Verify if the place is added using the AddPlaceAPI" classname="Validating the Google APIs" time="6.432"/>
  <testcase name="Verify if delete place is working using DeletePLaceApi" classname="Validating the Google APIs" time="2.688"/>
</testsuite>